#
# There is insufficient memory for the Java Runtime Environment to continue.
# Native memory allocation (mmap) failed to map 67108864 bytes. Error detail: G1 virtual space
# Possible reasons:
#   The system is out of physical RAM or swap space
#   This process is running with CompressedOops enabled, and the Java Heap may be blocking the growth of the native heap
# Possible solutions:
#   Reduce memory load on the system
#   Increase physical memory or swap space
#   Check if swap backing store is full
#   Decrease Java heap size (-Xmx/-Xms)
#   Decrease number of Java threads
#   Decrease Java thread stack sizes (-Xss)
#   Set larger code cache with -XX:ReservedCodeCacheSize=
#   JVM is running with Unscaled Compressed Oops mode in which the Java heap is
#     placed in the first 4GB address space. The Java Heap base address is the
#     maximum limit for the native heap growth. Please use -XX:HeapBaseMinAddress
#     to set the Java Heap base and to place the Java Heap above 4GB virtual address.
# This output file may be truncated or incomplete.
#
#  Out of Memory Error (os_windows.cpp:3679), pid=3896, tid=11600
#
# JRE version:  (17.0.13+11) (build )
# Java VM: OpenJDK 64-Bit Server VM (17.0.13+11-LTS, mixed mode, sharing, tiered, compressed oops, compressed class ptrs, g1 gc, windows-amd64)
# No core dump will be written. Minidumps are not enabled by default on client versions of Windows
#

---------------  S U M M A R Y ------------

Command Line: -Xmx64m -Xms64m -Dorg.gradle.appname=gradlew org.gradle.wrapper.GradleWrapperMain app:installDebug -PreactNativeDevServerPort=8081

Host: 11th Gen Intel(R) Core(TM) i5-1135G7 @ 2.40GHz, 8 cores, 7G,  Windows 11 , 64 bit Build 22621 (10.0.22621.4391)
Time: Mon Feb 10 12:08:38 2025 India Standard Time elapsed time: 0.038224 seconds (0d 0h 0m 0s)

---------------  T H R E A D  ---------------

Current thread (0x0000026682bdf110):  JavaThread "Unknown thread" [_thread_in_vm, id=11600, stack(0x0000009fecb00000,0x0000009fecc00000)]

Stack: [0x0000009fecb00000,0x0000009fecc00000]
Native frames: (J=compiled Java code, j=interpreted, Vv=VM code, C=native code)
V  [jvm.dll+0x687fc9]
V  [jvm.dll+0x83eeb8]
V  [jvm.dll+0x840963]
V  [jvm.dll+0x840fd3]
V  [jvm.dll+0x24951f]
V  [jvm.dll+0x684f89]
V  [jvm.dll+0x6794aa]
V  [jvm.dll+0x30ad27]
V  [jvm.dll+0x312296]
V  [jvm.dll+0x362bde]
V  [jvm.dll+0x362e1d]
V  [jvm.dll+0x2e1fbc]
V  [jvm.dll+0x2e2ed4]
V  [jvm.dll+0x810dbb]
V  [jvm.dll+0x3708f1]
V  [jvm.dll+0x7ef8af]
V  [jvm.dll+0x3f70ef]
V  [jvm.dll+0x3f8c21]
C  [jli.dll+0x52a0]
C  [ucrtbase.dll+0x29333]
C  [KERNEL32.DLL+0x1259d]
C  [ntdll.dll+0x5af38]


---------------  P R O C E S S  ---------------

Threads class SMR info:
_java_thread_list=0x00007ff90c3ddf98, length=0, elements={
}

Java Threads: ( => current thread )

Other Threads:
  0x0000026682bff1a0 GCTaskThread "GC Thread#0" [stack: 0x0000009fecc00000,0x0000009fecd00000] [id=6288]
  0x0000026682c008f0 ConcurrentGCThread "G1 Main Marker" [stack: 0x0000009fecd00000,0x0000009fece00000] [id=7644]
  0x0000026682c01320 ConcurrentGCThread "G1 Conc#0" [stack: 0x0000009fece00000,0x0000009fecf00000] [id=18364]

[error occurred during error reporting (printing all threads), id 0xc0000005, EXCEPTION_ACCESS_VIOLATION (0xc0000005) at pc=0x00007ff90bb92b17]

VM state: not at safepoint (not fully initialized)

VM Mutex/Monitor currently owned by a thread:  ([mutex/lock_event])
[0x0000026682bd9ec0] Heap_lock - owner thread: 0x0000026682bdf110

Heap address: 0x00000000fc000000, size: 64 MB, Compressed Oops mode: 32-bit

CDS archive(s) mapped at: [0x0000000000000000-0x0000000000000000-0x0000000000000000), size 0, SharedBaseAddress: 0x0000000800000000, ArchiveRelocationMode: 1.
Narrow klass base: 0x0000000000000000, Narrow klass shift: 0, Narrow klass range: 0x0

GC Precious Log:
<Empty>

Heap:
 garbage-first heap   total 0K, used 0K [0x00000000fc000000, 0x0000000100000000)
  region size 1024K, 0 young (0K), 0 survivors (0K)

[error occurred during error reporting (printing heap information), id 0xc0000005, EXCEPTION_ACCESS_VIOLATION (0xc0000005) at pc=0x00007ff90bf81ba9]

GC Heap History (0 events):
No events

Dll operation events (1 events):
Event: 0.024 Loaded shared library C:\Program Files\Microsoft\jdk-17.0.13.11-hotspot\bin\java.dll

Deoptimization events (0 events):
No events

Classes loaded (0 events):
No events

Classes unloaded (0 events):
No events

Classes redefined (0 events):
No events

Internal exceptions (0 events):
No events

VM Operations (0 events):
No events

Memory protections (0 events):
No events

Nmethod flushes (0 events):
No events

Events (0 events):
No events


Dynamic libraries:
0x00007ff7e55f0000 - 0x00007ff7e55fe000 	C:\Program Files\Microsoft\jdk-17.0.13.11-hotspot\bin\java.exe
0x00007ff98d390000 - 0x00007ff98d5a7000 	C:\WINDOWS\SYSTEM32\ntdll.dll
0x00007ff98c230000 - 0x00007ff98c2f4000 	C:\WINDOWS\System32\KERNEL32.DLL
0x00007ff98ab70000 - 0x00007ff98af2a000 	C:\WINDOWS\System32\KERNELBASE.dll
0x00007ff98aa50000 - 0x00007ff98ab61000 	C:\WINDOWS\System32\ucrtbase.dll
0x00007ff9490f0000 - 0x00007ff94910d000 	C:\Program Files\Microsoft\jdk-17.0.13.11-hotspot\bin\VCRUNTIME140.dll
0x00007ff93f090000 - 0x00007ff93f0a7000 	C:\Program Files\Microsoft\jdk-17.0.13.11-hotspot\bin\jli.dll
0x00007ff98cb70000 - 0x00007ff98cd1e000 	C:\WINDOWS\System32\USER32.dll
0x00007ff96fb50000 - 0x00007ff96fde2000 	C:\WINDOWS\WinSxS\amd64_microsoft.windows.common-controls_6595b64144ccf1df_6.0.22621.4541_none_2710d1c57384c085\COMCTL32.dll
0x00007ff98afd0000 - 0x00007ff98aff6000 	C:\WINDOWS\System32\win32u.dll
0x00007ff98cab0000 - 0x00007ff98cb57000 	C:\WINDOWS\System32\msvcrt.dll
0x00007ff98c200000 - 0x00007ff98c229000 	C:\WINDOWS\System32\GDI32.dll
0x00007ff98a930000 - 0x00007ff98aa4b000 	C:\WINDOWS\System32\gdi32full.dll
0x00007ff98af30000 - 0x00007ff98afca000 	C:\WINDOWS\System32\msvcp_win.dll
0x00007ff98d160000 - 0x00007ff98d191000 	C:\WINDOWS\System32\IMM32.DLL
0x00007ff94f7e0000 - 0x00007ff94f7ec000 	C:\Program Files\Microsoft\jdk-17.0.13.11-hotspot\bin\vcruntime140_1.dll
0x00007ff934d30000 - 0x00007ff934dbd000 	C:\Program Files\Microsoft\jdk-17.0.13.11-hotspot\bin\msvcp140.dll
0x00007ff90b8a0000 - 0x00007ff90c511000 	C:\Program Files\Microsoft\jdk-17.0.13.11-hotspot\bin\server\jvm.dll
0x00007ff98d290000 - 0x00007ff98d342000 	C:\WINDOWS\System32\ADVAPI32.dll
0x00007ff98cd20000 - 0x00007ff98cdc7000 	C:\WINDOWS\System32\sechost.dll
0x00007ff98a880000 - 0x00007ff98a8a8000 	C:\WINDOWS\System32\bcrypt.dll
0x00007ff98c990000 - 0x00007ff98caa4000 	C:\WINDOWS\System32\RPCRT4.dll
0x00007ff98d1a0000 - 0x00007ff98d211000 	C:\WINDOWS\System32\WS2_32.dll
0x00007ff98a370000 - 0x00007ff98a3bd000 	C:\WINDOWS\SYSTEM32\POWRPROF.dll
0x00007ff983390000 - 0x00007ff98339a000 	C:\WINDOWS\SYSTEM32\VERSION.dll
0x00007ff9834c0000 - 0x00007ff9834f4000 	C:\WINDOWS\SYSTEM32\WINMM.dll
0x00007ff98a350000 - 0x00007ff98a363000 	C:\WINDOWS\SYSTEM32\UMPDC.dll
0x00007ff989650000 - 0x00007ff989668000 	C:\WINDOWS\SYSTEM32\kernel.appcore.dll
0x00007ff94f1f0000 - 0x00007ff94f1fa000 	C:\Program Files\Microsoft\jdk-17.0.13.11-hotspot\bin\jimage.dll
0x00007ff987f00000 - 0x00007ff988132000 	C:\WINDOWS\SYSTEM32\DBGHELP.DLL
0x00007ff98b150000 - 0x00007ff98b4e1000 	C:\WINDOWS\System32\combase.dll
0x00007ff98ce60000 - 0x00007ff98cf37000 	C:\WINDOWS\System32\OLEAUT32.dll
0x00007ff966510000 - 0x00007ff966542000 	C:\WINDOWS\SYSTEM32\dbgcore.DLL
0x00007ff98a8b0000 - 0x00007ff98a92b000 	C:\WINDOWS\System32\bcryptPrimitives.dll
0x00007ff93f060000 - 0x00007ff93f085000 	C:\Program Files\Microsoft\jdk-17.0.13.11-hotspot\bin\java.dll

dbghelp: loaded successfully - version: 4.0.5 - missing functions: none
symbol engine: initialized successfully - sym options: 0x614 - pdb path: .;C:\Program Files\Microsoft\jdk-17.0.13.11-hotspot\bin;C:\WINDOWS\SYSTEM32;C:\WINDOWS\WinSxS\amd64_microsoft.windows.common-controls_6595b64144ccf1df_6.0.22621.4541_none_2710d1c57384c085;C:\Program Files\Microsoft\jdk-17.0.13.11-hotspot\bin\server

VM Arguments:
jvm_args: -Xmx64m -Xms64m -Dorg.gradle.appname=gradlew 
java_command: org.gradle.wrapper.GradleWrapperMain app:installDebug -PreactNativeDevServerPort=8081
java_class_path (initial): D:\ReactNativeProjects\MyFirstApp\android\\gradle\wrapper\gradle-wrapper.jar
Launcher Type: SUN_STANDARD

[Global flags]
     intx CICompilerCount                          = 4                                         {product} {ergonomic}
     uint ConcGCThreads                            = 2                                         {product} {ergonomic}
     uint G1ConcRefinementThreads                  = 8                                         {product} {ergonomic}
   size_t G1HeapRegionSize                         = 1048576                                   {product} {ergonomic}
    uintx GCDrainStackTargetSize                   = 64                                        {product} {ergonomic}
   size_t InitialHeapSize                          = 67108864                                  {product} {command line}
   size_t MarkStackSize                            = 4194304                                   {product} {ergonomic}
   size_t MaxHeapSize                              = 67108864                                  {product} {command line}
   size_t MinHeapDeltaBytes                        = 1048576                                   {product} {ergonomic}
   size_t MinHeapSize                              = 67108864                                  {product} {command line}
    uintx NonNMethodCodeHeapSize                   = 5839372                                {pd product} {ergonomic}
    uintx NonProfiledCodeHeapSize                  = 122909434                              {pd product} {ergonomic}
    uintx ProfiledCodeHeapSize                     = 122909434                              {pd product} {ergonomic}
    uintx ReservedCodeCacheSize                    = 251658240                              {pd product} {ergonomic}
     bool SegmentedCodeCache                       = true                                      {product} {ergonomic}
   size_t SoftMaxHeapSize                          = 67108864                               {manageable} {ergonomic}
     bool UseCompressedClassPointers               = true                           {product lp64_product} {ergonomic}
     bool UseCompressedOops                        = true                           {product lp64_product} {ergonomic}
     bool UseG1GC                                  = true                                      {product} {ergonomic}
     bool UseLargePagesIndividualAllocation        = false                                  {pd product} {ergonomic}

Logging:
Log output configuration:
 #0: stdout all=warning uptime,level,tags
 #1: stderr all=off uptime,level,tags

Environment Variables:
JAVA_HOME=C:\Program Files\Microsoft\jdk-17.0.13.11-hotspot\
CLASSPATH=D:\ReactNativeProjects\MyFirstApp\android\\gradle\wrapper\gradle-wrapper.jar
PATH=D:\ReactNativeProjects\MyFirstApp\node_modules\.bin;D:\ReactNativeProjects\MyFirstApp\node_modules\.bin;D:\ReactNativeProjects\node_modules\.bin;D:\node_modules\.bin;C:\Users\vyast\AppData\Roaming\npm\node_modules\npm\node_modules\@npmcli\run-script\lib\node-gyp-bin;C:\Program Files\Microsoft\jdk-17.0.13.11-hotspot\bin;C:\Program Files\Common Files\Oracle\Java\javapath;C:\Program Files\Microsoft\jdk-17.0.13.11-hotspot\\bin;C:\Program Files\Python312\Scripts\;C:\Program Files\Python312\;C:\MinGW\bin;C:\WINDOWS\system32;C:\WINDOWS;C:\WINDOWS\System32\Wbem;C:\WINDOWS\System32\WindowsPowerShell\v1.0\;C:\WINDOWS\System32\OpenSSH\;C:\Program Files\Java\jdk-19\bin;C:\Program Files\Microsoft SQL Server\150\Tools\Binn\;C:\Users\vyast\Downloads\cmake-3.28.1-windows-x86_64\cmake-3.28.1-windows-x86_64\bin;C:\Program Files\Git\cmd;C:\Program Files\nodejs\;C:\ProgramData\chocolatey\bin;C:\Users\vyast\AppData\Local\Android\Sdk\platform-tools;C:\Users\vyast\AppData\Local\Android\Sdk\tools;C:\MinGW\bin;C:\Users\vyast\AppData\Local\Microsoft\WindowsApps;C:\Users\vyast\AppData\Local\Programs\Microsoft VS Code\bin;C:\Program Files\Python312;C:\Program Files\Python312\Scripts;;C:\Program Files\JetBrains\PyCharm Community Edition 2023.3.5\bin;;C:\Users\vyast\AppData\Roaming\npm
USERNAME=vyast
LANG=en_US.UTF-8
OS=Windows_NT
PROCESSOR_IDENTIFIER=Intel64 Family 6 Model 140 Stepping 1, GenuineIntel
TMP=C:\Users\vyast\AppData\Local\Temp
TEMP=C:\Users\vyast\AppData\Local\Temp



Periodic native trim disabled


---------------  S Y S T E M  ---------------

OS:
 Windows 11 , 64 bit Build 22621 (10.0.22621.4391)
OS uptime: 17 days 23:39 hours
Hyper-V role detected

CPU: total 8 (initial active 8) (4 cores per cpu, 2 threads per core) family 6 model 140 stepping 1 microcode 0xac, cx8, cmov, fxsr, ht, mmx, 3dnowpref, sse, sse2, sse3, ssse3, sse4.1, sse4.2, popcnt, lzcnt, tsc, tscinvbit, avx, avx2, aes, erms, clmul, bmi1, bmi2, adx, avx512f, avx512dq, avx512cd, avx512bw, avx512vl, sha, fma, vzeroupper, avx512_vpopcntdq, avx512_vpclmulqdq, avx512_vaes, avx512_vnni, clflush, clflushopt, clwb, avx512_vbmi2, avx512_vbmi, hv
Processor Information for the first 8 processors :
  Max Mhz: 2419, Current Mhz: 2419, Mhz Limit: 2419

Memory: 4k page, system-wide physical 7932M (377M free)
TotalPageFile size 32508M (AvailPageFile size 42M)
current process WorkingSet (physical memory assigned to process): 11M, peak: 11M
current process commit charge ("private bytes"): 59M, peak: 123M

vm_info: OpenJDK 64-Bit Server VM (17.0.13+11-LTS) for windows-amd64 JRE (17.0.13+11-LTS), built on Oct 11 2024 23:25:05 by "MicrosoftCorporation" with unknown MS VC++:1939

END.
