#
# There is insufficient memory for the Java Runtime Environment to continue.
# Native memory allocation (mmap) failed to map 65536 bytes. Error detail: Failed to commit metaspace.
# Possible reasons:
#   The system is out of physical RAM or swap space
#   This process is running with CompressedOops enabled, and the Java Heap may be blocking the growth of the native heap
# Possible solutions:
#   Reduce memory load on the system
#   Increase physical memory or swap space
#   Check if swap backing store is full
#   Decrease Java heap size (-Xmx/-Xms)
#   Decrease number of Java threads
#   Decrease Java thread stack sizes (-Xss)
#   Set larger code cache with -XX:ReservedCodeCacheSize=
#   JVM is running with Unscaled Compressed Oops mode in which the Java heap is
#     placed in the first 4GB address space. The Java Heap base address is the
#     maximum limit for the native heap growth. Please use -XX:HeapBaseMinAddress
#     to set the Java Heap base and to place the Java Heap above 4GB virtual address.
# This output file may be truncated or incomplete.
#
#  Out of Memory Error (virtualSpaceNode.cpp:110), pid=12760, tid=12116
#
# JRE version: OpenJDK Runtime Environment Microsoft-10376486 (17.0.13+11) (build 17.0.13+11-LTS)
# Java VM: OpenJDK 64-Bit Server VM Microsoft-10376486 (17.0.13+11-LTS, mixed mode, tiered, compressed oops, compressed class ptrs, g1 gc, windows-amd64)
# No core dump will be written. Minidumps are not enabled by default on client versions of Windows
#

---------------  S U M M A R Y ------------

Command Line: -Xmx64m -Xms64m -Dorg.gradle.appname=gradlew org.gradle.wrapper.GradleWrapperMain app:installDebug -PreactNativeDevServerPort=8081

Host: 11th Gen Intel(R) Core(TM) i5-1135G7 @ 2.40GHz, 8 cores, 7G,  Windows 11 , 64 bit Build 22621 (10.0.22621.4391)
Time: Mon Feb 10 12:14:10 2025 India Standard Time elapsed time: 0.155017 seconds (0d 0h 0m 0s)

---------------  T H R E A D  ---------------

Current thread (0x00000203e659dbe0):  JavaThread "main" [_thread_in_vm, id=12116, stack(0x000000d535d00000,0x000000d535e00000)]

Stack: [0x000000d535d00000,0x000000d535e00000]
Native frames: (J=compiled Java code, j=interpreted, Vv=VM code, C=native code)
V  [jvm.dll+0x687fc9]
V  [jvm.dll+0x83eeb8]
V  [jvm.dll+0x840963]
V  [jvm.dll+0x840fd3]
V  [jvm.dll+0x24951f]
V  [jvm.dll+0x83ac6d]
V  [jvm.dll+0x62c3ce]
V  [jvm.dll+0x62c43a]
V  [jvm.dll+0x62ec63]
V  [jvm.dll+0x62cd76]
V  [jvm.dll+0x23d24f]
V  [jvm.dll+0x636c35]
V  [jvm.dll+0x1eb39d]
V  [jvm.dll+0x1eb8a5]
V  [jvm.dll+0x1ec249]
V  [jvm.dll+0x1e1901]
V  [jvm.dll+0x54b5e4]
V  [jvm.dll+0x1f253a]
V  [jvm.dll+0x7b801e]
V  [jvm.dll+0x7b9449]
V  [jvm.dll+0x7b97a8]
V  [jvm.dll+0x24103b]
V  [jvm.dll+0x386dd6]
C  0x00000203f561b96a

The last pc belongs to anewarray (printed below).
Java frames: (J=compiled Java code, j=interpreted, Vv=VM code)
j  jdk.internal.module.SystemModules$default.moduleResolutions()[Ljdk/internal/module/ModuleResolution;+2 java.base
j  jdk.internal.module.SystemModuleFinders.of(Ljdk/internal/module/SystemModules;)Ljava/lang/module/ModuleFinder;+22 java.base
j  jdk.internal.module.ModuleBootstrap.boot2()Ljava/lang/ModuleLayer;+240 java.base
j  jdk.internal.module.ModuleBootstrap.boot()Ljava/lang/ModuleLayer;+64 java.base
j  java.lang.System.initPhase2(ZZ)I+0 java.base
v  ~StubRoutines::call_stub
anewarray  189 anewarray  [0x00000203f561b900, 0x00000203f561ba00]  256 bytes
[MachCode]
  0x00000203f561b900: 8b04 2448 | 83c4 0845 | 0fb7 4501 | 410f c841 | c1e8 1048 | 8b55 e848 | 8b52 0848 | 8b52 08e8 
  0x00000203f561b920: 0500 0000 | e9ad 0000 | 004c 8bc8 | 488d 4424 | 084c 896d | c049 8bcf | c5f8 7749 | 89af a802 
  0x00000203f561b940: 0000 4989 | 8798 0200 | 0048 83ec | 20f7 c40f | 0000 000f | 841a 0000 | 0048 83ec | 0849 ba80 
  0x00000203f561b960: 6dc2 0bf9 | 7f00 0041 | ffd2 4883 | c408 e90d | 0000 0049 | ba80 6dc2 | 0bf9 7f00 | 0041 ffd2 
  0x00000203f561b980: 4883 c420 | 49c7 8798 | 0200 0000 | 0000 0049 | c787 a802 | 0000 0000 | 0000 49c7 | 87a0 0200 
  0x00000203f561b9a0: 0000 0000 | 00c5 f877 | 4981 7f08 | 0000 0000 | 0f84 0500 | 0000 e945 | 55fe ff49 | 8b87 f002 
  0x00000203f561b9c0: 0000 49c7 | 87f0 0200 | 0000 0000 | 004c 8b6d | c04c 8b75 | c8c3 410f | b65d 0349 | 83c5 0349 
  0x00000203f561b9e0: ba00 9845 | 0cf9 7f00 | 0041 ff24 | da66 6690 | 0000 0000 | 0000 0000 | 0000 0000 | 0000 0000 
[/MachCode]

---------------  P R O C E S S  ---------------

Threads class SMR info:
_java_thread_list=0x00000203801e1040, length=10, elements={
0x00000203e659dbe0, 0x00000203801c3660, 0x00000203801c4220, 0x00000203801eb7b0,
0x00000203801ec280, 0x00000203801ef360, 0x000002038021a490, 0x000002038021b090,
0x000002038023a420, 0x00000203801f8b60
}

Java Threads: ( => current thread )
=>0x00000203e659dbe0 JavaThread "main" [_thread_in_vm, id=12116, stack(0x000000d535d00000,0x000000d535e00000)]
  0x00000203801c3660 JavaThread "Reference Handler" daemon [_thread_blocked, id=15996, stack(0x000000d536400000,0x000000d536500000)]
  0x00000203801c4220 JavaThread "Finalizer" daemon [_thread_blocked, id=8276, stack(0x000000d536500000,0x000000d536600000)]
  0x00000203801eb7b0 JavaThread "Signal Dispatcher" daemon [_thread_blocked, id=8188, stack(0x000000d536600000,0x000000d536700000)]
  0x00000203801ec280 JavaThread "Attach Listener" daemon [_thread_blocked, id=3936, stack(0x000000d536700000,0x000000d536800000)]
  0x00000203801ef360 JavaThread "Service Thread" daemon [_thread_blocked, id=13692, stack(0x000000d536800000,0x000000d536900000)]
  0x000002038021a490 JavaThread "Monitor Deflation Thread" daemon [_thread_blocked, id=10948, stack(0x000000d536900000,0x000000d536a00000)]
  0x000002038021b090 JavaThread "C2 CompilerThread0" daemon [_thread_blocked, id=14288, stack(0x000000d536a00000,0x000000d536b00000)]
  0x000002038023a420 JavaThread "C1 CompilerThread0" daemon [_thread_blocked, id=3716, stack(0x000000d536b00000,0x000000d536c00000)]
  0x00000203801f8b60 JavaThread "Sweeper thread" daemon [_thread_blocked, id=3892, stack(0x000000d536c00000,0x000000d536d00000)]

Other Threads:
  0x000002038019e390 VMThread "VM Thread" [stack: 0x000000d536300000,0x000000d536400000] [id=5384]
  0x00000203e65bee30 GCTaskThread "GC Thread#0" [stack: 0x000000d535e00000,0x000000d535f00000] [id=9096]
  0x00000203e65c0580 ConcurrentGCThread "G1 Main Marker" [stack: 0x000000d535f00000,0x000000d536000000] [id=8836]
  0x00000203e65c0fa0 ConcurrentGCThread "G1 Conc#0" [stack: 0x000000d536000000,0x000000d536100000] [id=9428]
  0x00000203e664bde0 ConcurrentGCThread "G1 Refine#0" [stack: 0x000000d536100000,0x000000d536200000] [id=6224]
  0x00000203e664ca20 ConcurrentGCThread "G1 Service" [stack: 0x000000d536200000,0x000000d536300000] [id=19436]

Threads with active compile tasks:

VM state: not at safepoint (normal execution)

VM Mutex/Monitor currently owned by a thread:  ([mutex/lock_event])
[0x00000203e659a2e0] Metaspace_lock - owner thread: 0x00000203e659dbe0

Heap address: 0x00000000fc000000, size: 64 MB, Compressed Oops mode: 32-bit

CDS archive(s) not mapped
Compressed class space mapped at: 0x0000000100000000-0x0000000140000000, reserved size: 1073741824
Narrow klass base: 0x0000000000000000, Narrow klass shift: 3, Narrow klass range: 0x140000000

GC Precious Log:
 CPUs: 8 total, 8 available
 Memory: 7932M
 Large Page Support: Disabled
 NUMA Support: Disabled
 Compressed Oops: Enabled (32-bit)
 Heap Region Size: 1M
 Heap Min Capacity: 64M
 Heap Initial Capacity: 64M
 Heap Max Capacity: 64M
 Pre-touch: Disabled
 Parallel Workers: 8
 Concurrent Workers: 2
 Concurrent Refinement Workers: 8
 Periodic GC: Disabled

Heap:
 garbage-first heap   total 65536K, used 0K [0x00000000fc000000, 0x0000000100000000)
  region size 1024K, 1 young (1024K), 0 survivors (0K)
 Metaspace       used 3046K, committed 3072K, reserved 1114112K
  class space    used 230K, committed 256K, reserved 1048576K

Heap Regions: E=young(eden), S=young(survivor), O=old, HS=humongous(starts), HC=humongous(continues), CS=collection set, F=free, OA=open archive, CA=closed archive, TAMS=top-at-mark-start (previous, next)
|   0|0x00000000fc000000, 0x00000000fc000000, 0x00000000fc100000|  0%| F|  |TAMS 0x00000000fc000000, 0x00000000fc000000| Untracked 
|   1|0x00000000fc100000, 0x00000000fc100000, 0x00000000fc200000|  0%| F|  |TAMS 0x00000000fc100000, 0x00000000fc100000| Untracked 
|   2|0x00000000fc200000, 0x00000000fc200000, 0x00000000fc300000|  0%| F|  |TAMS 0x00000000fc200000, 0x00000000fc200000| Untracked 
|   3|0x00000000fc300000, 0x00000000fc300000, 0x00000000fc400000|  0%| F|  |TAMS 0x00000000fc300000, 0x00000000fc300000| Untracked 
|   4|0x00000000fc400000, 0x00000000fc400000, 0x00000000fc500000|  0%| F|  |TAMS 0x00000000fc400000, 0x00000000fc400000| Untracked 
|   5|0x00000000fc500000, 0x00000000fc500000, 0x00000000fc600000|  0%| F|  |TAMS 0x00000000fc500000, 0x00000000fc500000| Untracked 
|   6|0x00000000fc600000, 0x00000000fc600000, 0x00000000fc700000|  0%| F|  |TAMS 0x00000000fc600000, 0x00000000fc600000| Untracked 
|   7|0x00000000fc700000, 0x00000000fc700000, 0x00000000fc800000|  0%| F|  |TAMS 0x00000000fc700000, 0x00000000fc700000| Untracked 
|   8|0x00000000fc800000, 0x00000000fc800000, 0x00000000fc900000|  0%| F|  |TAMS 0x00000000fc800000, 0x00000000fc800000| Untracked 
|   9|0x00000000fc900000, 0x00000000fc900000, 0x00000000fca00000|  0%| F|  |TAMS 0x00000000fc900000, 0x00000000fc900000| Untracked 
|  10|0x00000000fca00000, 0x00000000fca00000, 0x00000000fcb00000|  0%| F|  |TAMS 0x00000000fca00000, 0x00000000fca00000| Untracked 
|  11|0x00000000fcb00000, 0x00000000fcb00000, 0x00000000fcc00000|  0%| F|  |TAMS 0x00000000fcb00000, 0x00000000fcb00000| Untracked 
|  12|0x00000000fcc00000, 0x00000000fcc00000, 0x00000000fcd00000|  0%| F|  |TAMS 0x00000000fcc00000, 0x00000000fcc00000| Untracked 
|  13|0x00000000fcd00000, 0x00000000fcd00000, 0x00000000fce00000|  0%| F|  |TAMS 0x00000000fcd00000, 0x00000000fcd00000| Untracked 
|  14|0x00000000fce00000, 0x00000000fce00000, 0x00000000fcf00000|  0%| F|  |TAMS 0x00000000fce00000, 0x00000000fce00000| Untracked 
|  15|0x00000000fcf00000, 0x00000000fcf00000, 0x00000000fd000000|  0%| F|  |TAMS 0x00000000fcf00000, 0x00000000fcf00000| Untracked 
|  16|0x00000000fd000000, 0x00000000fd000000, 0x00000000fd100000|  0%| F|  |TAMS 0x00000000fd000000, 0x00000000fd000000| Untracked 
|  17|0x00000000fd100000, 0x00000000fd100000, 0x00000000fd200000|  0%| F|  |TAMS 0x00000000fd100000, 0x00000000fd100000| Untracked 
|  18|0x00000000fd200000, 0x00000000fd200000, 0x00000000fd300000|  0%| F|  |TAMS 0x00000000fd200000, 0x00000000fd200000| Untracked 
|  19|0x00000000fd300000, 0x00000000fd300000, 0x00000000fd400000|  0%| F|  |TAMS 0x00000000fd300000, 0x00000000fd300000| Untracked 
|  20|0x00000000fd400000, 0x00000000fd400000, 0x00000000fd500000|  0%| F|  |TAMS 0x00000000fd400000, 0x00000000fd400000| Untracked 
|  21|0x00000000fd500000, 0x00000000fd500000, 0x00000000fd600000|  0%| F|  |TAMS 0x00000000fd500000, 0x00000000fd500000| Untracked 
|  22|0x00000000fd600000, 0x00000000fd600000, 0x00000000fd700000|  0%| F|  |TAMS 0x00000000fd600000, 0x00000000fd600000| Untracked 
|  23|0x00000000fd700000, 0x00000000fd700000, 0x00000000fd800000|  0%| F|  |TAMS 0x00000000fd700000, 0x00000000fd700000| Untracked 
|  24|0x00000000fd800000, 0x00000000fd800000, 0x00000000fd900000|  0%| F|  |TAMS 0x00000000fd800000, 0x00000000fd800000| Untracked 
|  25|0x00000000fd900000, 0x00000000fd900000, 0x00000000fda00000|  0%| F|  |TAMS 0x00000000fd900000, 0x00000000fd900000| Untracked 
|  26|0x00000000fda00000, 0x00000000fda00000, 0x00000000fdb00000|  0%| F|  |TAMS 0x00000000fda00000, 0x00000000fda00000| Untracked 
|  27|0x00000000fdb00000, 0x00000000fdb00000, 0x00000000fdc00000|  0%| F|  |TAMS 0x00000000fdb00000, 0x00000000fdb00000| Untracked 
|  28|0x00000000fdc00000, 0x00000000fdc00000, 0x00000000fdd00000|  0%| F|  |TAMS 0x00000000fdc00000, 0x00000000fdc00000| Untracked 
|  29|0x00000000fdd00000, 0x00000000fdd00000, 0x00000000fde00000|  0%| F|  |TAMS 0x00000000fdd00000, 0x00000000fdd00000| Untracked 
|  30|0x00000000fde00000, 0x00000000fde00000, 0x00000000fdf00000|  0%| F|  |TAMS 0x00000000fde00000, 0x00000000fde00000| Untracked 
|  31|0x00000000fdf00000, 0x00000000fdf00000, 0x00000000fe000000|  0%| F|  |TAMS 0x00000000fdf00000, 0x00000000fdf00000| Untracked 
|  32|0x00000000fe000000, 0x00000000fe000000, 0x00000000fe100000|  0%| F|  |TAMS 0x00000000fe000000, 0x00000000fe000000| Untracked 
|  33|0x00000000fe100000, 0x00000000fe100000, 0x00000000fe200000|  0%| F|  |TAMS 0x00000000fe100000, 0x00000000fe100000| Untracked 
|  34|0x00000000fe200000, 0x00000000fe200000, 0x00000000fe300000|  0%| F|  |TAMS 0x00000000fe200000, 0x00000000fe200000| Untracked 
|  35|0x00000000fe300000, 0x00000000fe300000, 0x00000000fe400000|  0%| F|  |TAMS 0x00000000fe300000, 0x00000000fe300000| Untracked 
|  36|0x00000000fe400000, 0x00000000fe400000, 0x00000000fe500000|  0%| F|  |TAMS 0x00000000fe400000, 0x00000000fe400000| Untracked 
|  37|0x00000000fe500000, 0x00000000fe500000, 0x00000000fe600000|  0%| F|  |TAMS 0x00000000fe500000, 0x00000000fe500000| Untracked 
|  38|0x00000000fe600000, 0x00000000fe600000, 0x00000000fe700000|  0%| F|  |TAMS 0x00000000fe600000, 0x00000000fe600000| Untracked 
|  39|0x00000000fe700000, 0x00000000fe700000, 0x00000000fe800000|  0%| F|  |TAMS 0x00000000fe700000, 0x00000000fe700000| Untracked 
|  40|0x00000000fe800000, 0x00000000fe800000, 0x00000000fe900000|  0%| F|  |TAMS 0x00000000fe800000, 0x00000000fe800000| Untracked 
|  41|0x00000000fe900000, 0x00000000fe900000, 0x00000000fea00000|  0%| F|  |TAMS 0x00000000fe900000, 0x00000000fe900000| Untracked 
|  42|0x00000000fea00000, 0x00000000fea00000, 0x00000000feb00000|  0%| F|  |TAMS 0x00000000fea00000, 0x00000000fea00000| Untracked 
|  43|0x00000000feb00000, 0x00000000feb00000, 0x00000000fec00000|  0%| F|  |TAMS 0x00000000feb00000, 0x00000000feb00000| Untracked 
|  44|0x00000000fec00000, 0x00000000fec00000, 0x00000000fed00000|  0%| F|  |TAMS 0x00000000fec00000, 0x00000000fec00000| Untracked 
|  45|0x00000000fed00000, 0x00000000fed00000, 0x00000000fee00000|  0%| F|  |TAMS 0x00000000fed00000, 0x00000000fed00000| Untracked 
|  46|0x00000000fee00000, 0x00000000fee00000, 0x00000000fef00000|  0%| F|  |TAMS 0x00000000fee00000, 0x00000000fee00000| Untracked 
|  47|0x00000000fef00000, 0x00000000fef00000, 0x00000000ff000000|  0%| F|  |TAMS 0x00000000fef00000, 0x00000000fef00000| Untracked 
|  48|0x00000000ff000000, 0x00000000ff000000, 0x00000000ff100000|  0%| F|  |TAMS 0x00000000ff000000, 0x00000000ff000000| Untracked 
|  49|0x00000000ff100000, 0x00000000ff100000, 0x00000000ff200000|  0%| F|  |TAMS 0x00000000ff100000, 0x00000000ff100000| Untracked 
|  50|0x00000000ff200000, 0x00000000ff200000, 0x00000000ff300000|  0%| F|  |TAMS 0x00000000ff200000, 0x00000000ff200000| Untracked 
|  51|0x00000000ff300000, 0x00000000ff300000, 0x00000000ff400000|  0%| F|  |TAMS 0x00000000ff300000, 0x00000000ff300000| Untracked 
|  52|0x00000000ff400000, 0x00000000ff400000, 0x00000000ff500000|  0%| F|  |TAMS 0x00000000ff400000, 0x00000000ff400000| Untracked 
|  53|0x00000000ff500000, 0x00000000ff500000, 0x00000000ff600000|  0%| F|  |TAMS 0x00000000ff500000, 0x00000000ff500000| Untracked 
|  54|0x00000000ff600000, 0x00000000ff600000, 0x00000000ff700000|  0%| F|  |TAMS 0x00000000ff600000, 0x00000000ff600000| Untracked 
|  55|0x00000000ff700000, 0x00000000ff700000, 0x00000000ff800000|  0%| F|  |TAMS 0x00000000ff700000, 0x00000000ff700000| Untracked 
|  56|0x00000000ff800000, 0x00000000ff800000, 0x00000000ff900000|  0%| F|  |TAMS 0x00000000ff800000, 0x00000000ff800000| Untracked 
|  57|0x00000000ff900000, 0x00000000ff900000, 0x00000000ffa00000|  0%| F|  |TAMS 0x00000000ff900000, 0x00000000ff900000| Untracked 
|  58|0x00000000ffa00000, 0x00000000ffa00000, 0x00000000ffb00000|  0%| F|  |TAMS 0x00000000ffa00000, 0x00000000ffa00000| Untracked 
|  59|0x00000000ffb00000, 0x00000000ffb00000, 0x00000000ffc00000|  0%| F|  |TAMS 0x00000000ffb00000, 0x00000000ffb00000| Untracked 
|  60|0x00000000ffc00000, 0x00000000ffc00000, 0x00000000ffd00000|  0%| F|  |TAMS 0x00000000ffc00000, 0x00000000ffc00000| Untracked 
|  61|0x00000000ffd00000, 0x00000000ffd00000, 0x00000000ffe00000|  0%| F|  |TAMS 0x00000000ffd00000, 0x00000000ffd00000| Untracked 
|  62|0x00000000ffe00000, 0x00000000ffe00000, 0x00000000fff00000|  0%| F|  |TAMS 0x00000000ffe00000, 0x00000000ffe00000| Untracked 
|  63|0x00000000fff00000, 0x00000000fffeb988, 0x0000000100000000| 92%| E|  |TAMS 0x00000000fff00000, 0x00000000fff00000| Complete 

Card table byte_map: [0x00000203e64d0000,0x00000203e64f0000] _byte_map_base: 0x00000203e5cf0000

Marking Bits (Prev, Next): (CMBitMap*) 0x00000203e65bf450, (CMBitMap*) 0x00000203e65bf490
 Prev Bits: [0x00000203fd400000, 0x00000203fd500000)
 Next Bits: [0x00000203fd500000, 0x00000203fd600000)

Polling page: 0x00000203e5d50000

Metaspace:

Usage:
  Non-class:      2.75 MB used.
      Class:    230.88 KB used.
       Both:      2.98 MB used.

Virtual space:
  Non-class space:       64.00 MB reserved,       2.75 MB (  4%) committed,  1 nodes.
      Class space:        1.00 GB reserved,     256.00 KB ( <1%) committed,  1 nodes.
             Both:        1.06 GB reserved,       3.00 MB ( <1%) committed. 

Chunk freelists:
   Non-Class:  12.00 MB
       Class:  15.75 MB
        Both:  27.75 MB

MaxMetaspaceSize: unlimited
CompressedClassSpaceSize: 1.00 GB
Initial GC threshold: 21.00 MB
Current GC threshold: 21.00 MB
CDS: off
MetaspaceReclaimPolicy: balanced
 - commit_granule_bytes: 65536.
 - commit_granule_words: 8192.
 - virtual_space_node_default_size: 8388608.
 - enlarge_chunks_in_place: 1.
 - new_chunks_are_fully_committed: 0.
 - uncommit_free_chunks: 1.
 - use_allocation_guard: 0.
 - handle_deallocations: 1.


Internal statistics:

num_allocs_failed_limit: 0.
num_arena_births: 2.
num_arena_deaths: 0.
num_vsnodes_births: 2.
num_vsnodes_deaths: 0.
num_space_committed: 48.
num_space_uncommitted: 0.
num_chunks_returned_to_freelist: 0.
num_chunks_taken_from_freelist: 3.
num_chunk_merges: 0.
num_chunk_splits: 2.
num_chunks_enlarged: 0.
num_inconsistent_stats: 0.

CodeHeap 'non-profiled nmethods': size=120000Kb used=1Kb max_used=1Kb free=119998Kb
 bounds [0x00000203f5ba0000, 0x00000203f5e10000, 0x00000203fd0d0000]
CodeHeap 'profiled nmethods': size=120000Kb used=27Kb max_used=27Kb free=119972Kb
 bounds [0x00000203ee0d0000, 0x00000203ee340000, 0x00000203f5600000]
CodeHeap 'non-nmethods': size=5760Kb used=1035Kb max_used=1049Kb free=4724Kb
 bounds [0x00000203f5600000, 0x00000203f5870000, 0x00000203f5ba0000]
 total_blobs=296 nmethods=21 adapters=188
 compilation: enabled
              stopped_count=0, restarted_count=0
 full_count=0

Compilation events (20 events):
Event: 0.148 Thread 0x000002038023a420 nmethod 10 0x00000203ee0d3390 code [0x00000203ee0d3540, 0x00000203ee0d37d8]
Event: 0.148 Thread 0x000002038023a420   11       3       java.util.Objects::equals (23 bytes)
Event: 0.149 Thread 0x000002038023a420 nmethod 11 0x00000203ee0d3910 code [0x00000203ee0d3ac0, 0x00000203ee0d3d28]
Event: 0.149 Thread 0x000002038023a420   12       3       java.util.Set::of (4 bytes)
Event: 0.149 Thread 0x000002038021b090   14       4       java.lang.StringLatin1::hashCode (42 bytes)
Event: 0.149 Thread 0x000002038023a420 nmethod 12 0x00000203ee0d3e10 code [0x00000203ee0d3fa0, 0x00000203ee0d4098]
Event: 0.149 Thread 0x000002038023a420   13       3       java.lang.module.ModuleDescriptor$Exports::<init> (20 bytes)
Event: 0.149 Thread 0x000002038023a420 nmethod 13 0x00000203ee0d4110 code [0x00000203ee0d42c0, 0x00000203ee0d4538]
Event: 0.149 Thread 0x000002038023a420   15       3       java.util.Objects::requireNonNull (14 bytes)
Event: 0.149 Thread 0x000002038023a420 nmethod 15 0x00000203ee0d4610 code [0x00000203ee0d47c0, 0x00000203ee0d49a8]
Event: 0.149 Thread 0x000002038023a420   17       3       java.util.AbstractCollection::<init> (5 bytes)
Event: 0.149 Thread 0x000002038023a420 nmethod 17 0x00000203ee0d4a90 code [0x00000203ee0d4c20, 0x00000203ee0d4d78]
Event: 0.149 Thread 0x000002038023a420   18       3       java.util.ImmutableCollections$AbstractImmutableCollection::<init> (5 bytes)
Event: 0.149 Thread 0x000002038023a420 nmethod 18 0x00000203ee0d4e10 code [0x00000203ee0d4fc0, 0x00000203ee0d5178]
Event: 0.149 Thread 0x000002038023a420   19       3       java.util.ImmutableCollections$AbstractImmutableSet::<init> (5 bytes)
Event: 0.149 Thread 0x000002038023a420 nmethod 19 0x00000203ee0d5290 code [0x00000203ee0d5440, 0x00000203ee0d5678]
Event: 0.149 Thread 0x000002038023a420   20       3       java.lang.module.ModuleDescriptor::modsHashCode (43 bytes)
Event: 0.149 Thread 0x000002038023a420 nmethod 20 0x00000203ee0d5790 code [0x00000203ee0d5980, 0x00000203ee0d5e98]
Event: 0.149 Thread 0x000002038023a420   21       3       java.util.Set::of (68 bytes)
Event: 0.150 Thread 0x000002038023a420 nmethod 21 0x00000203ee0d6090 code [0x00000203ee0d62c0, 0x00000203ee0d6aa8]

GC Heap History (0 events):
No events

Dll operation events (2 events):
Event: 0.008 Loaded shared library C:\Program Files\Microsoft\jdk-17.0.13.11-hotspot\bin\java.dll
Event: 0.084 Loaded shared library C:\Program Files\Microsoft\jdk-17.0.13.11-hotspot\bin\jsvml.dll

Deoptimization events (0 events):
No events

Classes loaded (20 events):
Event: 0.147 Loading class java/util/ImmutableCollections$List12 done
Event: 0.147 Loading class java/lang/module/ModuleDescriptor$Version
Event: 0.147 Loading class java/lang/module/ModuleDescriptor$Version done
Event: 0.147 Loading class java/lang/module/ModuleDescriptor$Modifier
Event: 0.147 Loading class java/lang/Enum
Event: 0.147 Loading class java/lang/Enum done
Event: 0.147 Loading class java/lang/module/ModuleDescriptor$Modifier done
Event: 0.148 Loading class java/lang/module/ModuleDescriptor$Requires$Modifier
Event: 0.148 Loading class java/lang/module/ModuleDescriptor$Requires$Modifier done
Event: 0.148 Loading class java/util/ImmutableCollections$Set12$1
Event: 0.148 Loading class java/util/ImmutableCollections$Set12$1 done
Event: 0.149 Loading class jdk/internal/module/ModuleTarget
Event: 0.149 Loading class jdk/internal/module/ModuleTarget done
Event: 0.149 Loading class jdk/internal/module/ModuleHashes
Event: 0.150 Loading class jdk/internal/module/ModuleHashes done
Event: 0.150 Loading class jdk/internal/module/ModuleHashes$Builder
Event: 0.150 Loading class jdk/internal/module/ModuleHashes$Builder done
Event: 0.150 Loading class java/util/Collections$UnmodifiableMap
Event: 0.151 Loading class java/util/Collections$UnmodifiableMap done
Event: 0.151 Loading class jdk/internal/module/ModuleResolution

Classes unloaded (0 events):
No events

Classes redefined (0 events):
No events

Internal exceptions (0 events):
No events

VM Operations (0 events):
No events

Memory protections (0 events):
No events

Nmethod flushes (0 events):
No events

Events (10 events):
Event: 0.084 Thread 0x00000203e659dbe0 Thread added: 0x00000203e659dbe0
Event: 0.103 Thread 0x00000203e659dbe0 Thread added: 0x00000203801c3660
Event: 0.103 Thread 0x00000203e659dbe0 Thread added: 0x00000203801c4220
Event: 0.136 Thread 0x00000203e659dbe0 Thread added: 0x00000203801eb7b0
Event: 0.136 Thread 0x00000203e659dbe0 Thread added: 0x00000203801ec280
Event: 0.136 Thread 0x00000203e659dbe0 Thread added: 0x00000203801ef360
Event: 0.136 Thread 0x00000203e659dbe0 Thread added: 0x000002038021a490
Event: 0.136 Thread 0x00000203e659dbe0 Thread added: 0x000002038021b090
Event: 0.136 Thread 0x00000203e659dbe0 Thread added: 0x000002038023a420
Event: 0.136 Thread 0x00000203e659dbe0 Thread added: 0x00000203801f8b60


Dynamic libraries:
0x00007ff7e55f0000 - 0x00007ff7e55fe000 	C:\Program Files\Microsoft\jdk-17.0.13.11-hotspot\bin\java.exe
0x00007ff98d390000 - 0x00007ff98d5a7000 	C:\WINDOWS\SYSTEM32\ntdll.dll
0x00007ff98c230000 - 0x00007ff98c2f4000 	C:\WINDOWS\System32\KERNEL32.DLL
0x00007ff98ab70000 - 0x00007ff98af2a000 	C:\WINDOWS\System32\KERNELBASE.dll
0x00007ff98aa50000 - 0x00007ff98ab61000 	C:\WINDOWS\System32\ucrtbase.dll
0x00007ff93f090000 - 0x00007ff93f0a7000 	C:\Program Files\Microsoft\jdk-17.0.13.11-hotspot\bin\jli.dll
0x00007ff9490f0000 - 0x00007ff94910d000 	C:\Program Files\Microsoft\jdk-17.0.13.11-hotspot\bin\VCRUNTIME140.dll
0x00007ff98cb70000 - 0x00007ff98cd1e000 	C:\WINDOWS\System32\USER32.dll
0x00007ff96fb50000 - 0x00007ff96fde2000 	C:\WINDOWS\WinSxS\amd64_microsoft.windows.common-controls_6595b64144ccf1df_6.0.22621.4541_none_2710d1c57384c085\COMCTL32.dll
0x00007ff98afd0000 - 0x00007ff98aff6000 	C:\WINDOWS\System32\win32u.dll
0x00007ff98cab0000 - 0x00007ff98cb57000 	C:\WINDOWS\System32\msvcrt.dll
0x00007ff98c200000 - 0x00007ff98c229000 	C:\WINDOWS\System32\GDI32.dll
0x00007ff98a930000 - 0x00007ff98aa4b000 	C:\WINDOWS\System32\gdi32full.dll
0x00007ff98af30000 - 0x00007ff98afca000 	C:\WINDOWS\System32\msvcp_win.dll
0x00007ff98d160000 - 0x00007ff98d191000 	C:\WINDOWS\System32\IMM32.DLL
0x00007ff94f7e0000 - 0x00007ff94f7ec000 	C:\Program Files\Microsoft\jdk-17.0.13.11-hotspot\bin\vcruntime140_1.dll
0x00007ff934d30000 - 0x00007ff934dbd000 	C:\Program Files\Microsoft\jdk-17.0.13.11-hotspot\bin\msvcp140.dll
0x00007ff90b8a0000 - 0x00007ff90c511000 	C:\Program Files\Microsoft\jdk-17.0.13.11-hotspot\bin\server\jvm.dll
0x00007ff98d290000 - 0x00007ff98d342000 	C:\WINDOWS\System32\ADVAPI32.dll
0x00007ff98cd20000 - 0x00007ff98cdc7000 	C:\WINDOWS\System32\sechost.dll
0x00007ff98a880000 - 0x00007ff98a8a8000 	C:\WINDOWS\System32\bcrypt.dll
0x00007ff98c990000 - 0x00007ff98caa4000 	C:\WINDOWS\System32\RPCRT4.dll
0x00007ff98d1a0000 - 0x00007ff98d211000 	C:\WINDOWS\System32\WS2_32.dll
0x00007ff98a370000 - 0x00007ff98a3bd000 	C:\WINDOWS\SYSTEM32\POWRPROF.dll
0x00007ff983390000 - 0x00007ff98339a000 	C:\WINDOWS\SYSTEM32\VERSION.dll
0x00007ff9834c0000 - 0x00007ff9834f4000 	C:\WINDOWS\SYSTEM32\WINMM.dll
0x00007ff98a350000 - 0x00007ff98a363000 	C:\WINDOWS\SYSTEM32\UMPDC.dll
0x00007ff989650000 - 0x00007ff989668000 	C:\WINDOWS\SYSTEM32\kernel.appcore.dll
0x00007ff94f1f0000 - 0x00007ff94f1fa000 	C:\Program Files\Microsoft\jdk-17.0.13.11-hotspot\bin\jimage.dll
0x00007ff987f00000 - 0x00007ff988132000 	C:\WINDOWS\SYSTEM32\DBGHELP.DLL
0x00007ff98b150000 - 0x00007ff98b4e1000 	C:\WINDOWS\System32\combase.dll
0x00007ff98ce60000 - 0x00007ff98cf37000 	C:\WINDOWS\System32\OLEAUT32.dll
0x00007ff966510000 - 0x00007ff966542000 	C:\WINDOWS\SYSTEM32\dbgcore.DLL
0x00007ff98a8b0000 - 0x00007ff98a92b000 	C:\WINDOWS\System32\bcryptPrimitives.dll
0x00007ff93f060000 - 0x00007ff93f085000 	C:\Program Files\Microsoft\jdk-17.0.13.11-hotspot\bin\java.dll
0x00007ff931ac0000 - 0x00007ff931b97000 	C:\Program Files\Microsoft\jdk-17.0.13.11-hotspot\bin\jsvml.dll
0x00007ff98b4f0000 - 0x00007ff98bd69000 	C:\WINDOWS\System32\SHELL32.dll
0x00007ff988540000 - 0x00007ff988e49000 	C:\WINDOWS\SYSTEM32\windows.storage.dll
0x00007ff988400000 - 0x00007ff98853f000 	C:\WINDOWS\SYSTEM32\wintypes.dll
0x00007ff98c6a0000 - 0x00007ff98c79a000 	C:\WINDOWS\System32\SHCORE.dll
0x00007ff98c630000 - 0x00007ff98c68e000 	C:\WINDOWS\System32\shlwapi.dll
0x00007ff98a580000 - 0x00007ff98a5ab000 	C:\WINDOWS\SYSTEM32\profapi.dll

dbghelp: loaded successfully - version: 4.0.5 - missing functions: none
symbol engine: initialized successfully - sym options: 0x614 - pdb path: .;C:\Program Files\Microsoft\jdk-17.0.13.11-hotspot\bin;C:\WINDOWS\SYSTEM32;C:\WINDOWS\WinSxS\amd64_microsoft.windows.common-controls_6595b64144ccf1df_6.0.22621.4541_none_2710d1c57384c085;C:\Program Files\Microsoft\jdk-17.0.13.11-hotspot\bin\server

VM Arguments:
jvm_args: -Xmx64m -Xms64m -Dorg.gradle.appname=gradlew 
java_command: org.gradle.wrapper.GradleWrapperMain app:installDebug -PreactNativeDevServerPort=8081
java_class_path (initial): D:\ReactNativeProjects\MyFirstApp\android\\gradle\wrapper\gradle-wrapper.jar
Launcher Type: SUN_STANDARD

[Global flags]
     intx CICompilerCount                          = 4                                         {product} {ergonomic}
     uint ConcGCThreads                            = 2                                         {product} {ergonomic}
     uint G1ConcRefinementThreads                  = 8                                         {product} {ergonomic}
   size_t G1HeapRegionSize                         = 1048576                                   {product} {ergonomic}
    uintx GCDrainStackTargetSize                   = 64                                        {product} {ergonomic}
   size_t InitialHeapSize                          = 67108864                                  {product} {command line}
   size_t MarkStackSize                            = 4194304                                   {product} {ergonomic}
   size_t MaxHeapSize                              = 67108864                                  {product} {command line}
   size_t MaxNewSize                               = 39845888                                  {product} {ergonomic}
   size_t MinHeapDeltaBytes                        = 1048576                                   {product} {ergonomic}
   size_t MinHeapSize                              = 67108864                                  {product} {command line}
    uintx NonNMethodCodeHeapSize                   = 5839372                                {pd product} {ergonomic}
    uintx NonProfiledCodeHeapSize                  = 122909434                              {pd product} {ergonomic}
    uintx ProfiledCodeHeapSize                     = 122909434                              {pd product} {ergonomic}
    uintx ReservedCodeCacheSize                    = 251658240                              {pd product} {ergonomic}
     bool SegmentedCodeCache                       = true                                      {product} {ergonomic}
   size_t SoftMaxHeapSize                          = 67108864                               {manageable} {ergonomic}
     bool UseCompressedClassPointers               = true                           {product lp64_product} {ergonomic}
     bool UseCompressedOops                        = true                           {product lp64_product} {ergonomic}
     bool UseG1GC                                  = true                                      {product} {ergonomic}
     bool UseLargePagesIndividualAllocation        = false                                  {pd product} {ergonomic}

Logging:
Log output configuration:
 #0: stdout all=warning uptime,level,tags
 #1: stderr all=off uptime,level,tags

Environment Variables:
JAVA_HOME=C:\Program Files\Microsoft\jdk-17.0.13.11-hotspot\
CLASSPATH=D:\ReactNativeProjects\MyFirstApp\android\\gradle\wrapper\gradle-wrapper.jar
PATH=D:\ReactNativeProjects\MyFirstApp\node_modules\.bin;D:\ReactNativeProjects\MyFirstApp\node_modules\.bin;D:\ReactNativeProjects\node_modules\.bin;D:\node_modules\.bin;C:\Users\vyast\AppData\Roaming\npm\node_modules\npm\node_modules\@npmcli\run-script\lib\node-gyp-bin;C:\Program Files\Microsoft\jdk-17.0.13.11-hotspot\bin;C:\Program Files\Common Files\Oracle\Java\javapath;C:\Program Files\Microsoft\jdk-17.0.13.11-hotspot\\bin;C:\Program Files\Python312\Scripts\;C:\Program Files\Python312\;C:\MinGW\bin;C:\WINDOWS\system32;C:\WINDOWS;C:\WINDOWS\System32\Wbem;C:\WINDOWS\System32\WindowsPowerShell\v1.0\;C:\WINDOWS\System32\OpenSSH\;C:\Program Files\Java\jdk-19\bin;C:\Program Files\Microsoft SQL Server\150\Tools\Binn\;C:\Users\vyast\Downloads\cmake-3.28.1-windows-x86_64\cmake-3.28.1-windows-x86_64\bin;C:\Program Files\Git\cmd;C:\Program Files\nodejs\;C:\ProgramData\chocolatey\bin;C:\Users\vyast\AppData\Local\Android\Sdk\platform-tools;C:\Users\vyast\AppData\Local\Android\Sdk\tools;C:\MinGW\bin;C:\Users\vyast\AppData\Local\Microsoft\WindowsApps;C:\Users\vyast\AppData\Local\Programs\Microsoft VS Code\bin;C:\Program Files\Python312;C:\Program Files\Python312\Scripts;;C:\Program Files\JetBrains\PyCharm Community Edition 2023.3.5\bin;;C:\Users\vyast\AppData\Roaming\npm
USERNAME=vyast
LANG=en_US.UTF-8
OS=Windows_NT
PROCESSOR_IDENTIFIER=Intel64 Family 6 Model 140 Stepping 1, GenuineIntel
TMP=C:\Users\vyast\AppData\Local\Temp
TEMP=C:\Users\vyast\AppData\Local\Temp



Periodic native trim disabled


---------------  S Y S T E M  ---------------

OS:
 Windows 11 , 64 bit Build 22621 (10.0.22621.4391)
OS uptime: 17 days 23:45 hours
Hyper-V role detected

CPU: total 8 (initial active 8) (4 cores per cpu, 2 threads per core) family 6 model 140 stepping 1 microcode 0xac, cx8, cmov, fxsr, ht, mmx, 3dnowpref, sse, sse2, sse3, ssse3, sse4.1, sse4.2, popcnt, lzcnt, tsc, tscinvbit, avx, avx2, aes, erms, clmul, bmi1, bmi2, adx, avx512f, avx512dq, avx512cd, avx512bw, avx512vl, sha, fma, vzeroupper, avx512_vpopcntdq, avx512_vpclmulqdq, avx512_vaes, avx512_vnni, clflush, clflushopt, clwb, avx512_vbmi2, avx512_vbmi, hv
Processor Information for the first 8 processors :
  Max Mhz: 2419, Current Mhz: 2419, Mhz Limit: 2419

Memory: 4k page, system-wide physical 7932M (462M free)
TotalPageFile size 32508M (AvailPageFile size 0M)
current process WorkingSet (physical memory assigned to process): 25M, peak: 25M
current process commit charge ("private bytes"): 133M, peak: 133M

vm_info: OpenJDK 64-Bit Server VM (17.0.13+11-LTS) for windows-amd64 JRE (17.0.13+11-LTS), built on Oct 11 2024 23:25:05 by "MicrosoftCorporation" with unknown MS VC++:1939

END.
